2017-04-01 12:06:33 - PHP Notice:  Undefined variable: username in /home/steven/GitRepository/taorai/admin/view/template/common/column_left.tpl on line 5
2017-04-01 12:06:47 - PHP Notice:  Undefined variable: username in /home/steven/GitRepository/taorai/admin/view/template/common/column_left.tpl on line 5
2017-04-01 12:06:48 - PHP Notice:  Undefined variable: username in /home/steven/GitRepository/taorai/admin/view/template/common/column_left.tpl on line 5
2017-04-01 12:06:50 - PHP Notice:  Undefined variable: username in /home/steven/GitRepository/taorai/admin/view/template/common/column_left.tpl on line 5
2017-04-01 12:06:53 - PHP Notice:  Undefined variable: username in /home/steven/GitRepository/taorai/admin/view/template/common/column_left.tpl on line 5
2017-04-01 12:06:56 - PHP Notice:  Undefined variable: username in /home/steven/GitRepository/taorai/admin/view/template/common/column_left.tpl on line 5
2017-04-01 12:06:59 - PHP Notice:  Undefined variable: username in /home/steven/GitRepository/taorai/admin/view/template/common/column_left.tpl on line 5
2017-04-01 12:07:04 - PHP Notice:  Undefined variable: username in /home/steven/GitRepository/taorai/admin/view/template/common/column_left.tpl on line 5
2017-04-01 12:07:11 - PHP Notice:  Undefined variable: username in /home/steven/GitRepository/taorai/admin/view/template/common/column_left.tpl on line 5
2017-04-01 12:07:19 - PHP Notice:  Undefined variable: username in /home/steven/GitRepository/taorai/admin/view/template/common/column_left.tpl on line 5
2017-04-01 12:08:09 - PHP Notice:  Undefined variable: username in /home/steven/GitRepository/taorai/admin/view/template/common/column_left.tpl on line 5
2017-04-01 12:08:11 - PHP Notice:  Undefined variable: username in /home/steven/GitRepository/taorai/admin/view/template/common/column_left.tpl on line 5
2017-04-01 12:08:14 - PHP Notice:  Undefined variable: username in /home/steven/GitRepository/taorai/admin/view/template/common/column_left.tpl on line 5
2017-04-01 12:16:57 - PHP Notice:  Undefined variable: username in /home/steven/GitRepository/taorai/admin/view/template/common/column_left.tpl on line 5
2017-04-01 12:22:51 - PHP Notice:  Undefined variable: username in /home/steven/GitRepository/taorai/admin/view/template/common/column_left.tpl on line 5
2017-04-01 12:25:57 - PHP Notice:  Undefined variable: username in /home/steven/GitRepository/taorai/admin/view/template/common/column_left.tpl on line 5
2017-04-01 12:26:00 - PHP Notice:  Undefined variable: username in /home/steven/GitRepository/taorai/admin/view/template/common/column_left.tpl on line 5
2017-04-01 12:26:09 - PHP Notice:  Undefined variable: username in /home/steven/GitRepository/taorai/admin/view/template/common/column_left.tpl on line 5
2017-04-01 12:26:12 - PHP Notice:  Undefined variable: username in /home/steven/GitRepository/taorai/admin/view/template/common/column_left.tpl on line 5
2017-04-01 12:26:15 - PHP Notice:  Undefined variable: username in /home/steven/GitRepository/taorai/admin/view/template/common/column_left.tpl on line 5
2017-04-01 12:26:20 - PHP Notice:  Undefined variable: username in /home/steven/GitRepository/taorai/admin/view/template/common/column_left.tpl on line 5
2017-04-01 12:26:26 - PHP Notice:  Undefined variable: username in /home/steven/GitRepository/taorai/admin/view/template/common/column_left.tpl on line 5
2017-04-01 12:26:28 - PHP Notice:  Undefined variable: username in /home/steven/GitRepository/taorai/admin/view/template/common/column_left.tpl on line 5
2017-04-01 12:26:54 - PHP Notice:  Undefined variable: username in /home/steven/GitRepository/taorai/admin/view/template/common/column_left.tpl on line 5
2017-04-01 12:26:56 - PHP Notice:  Undefined variable: username in /home/steven/GitRepository/taorai/admin/view/template/common/column_left.tpl on line 5
2017-04-01 12:27:00 - PHP Notice:  Undefined variable: username in /home/steven/GitRepository/taorai/admin/view/template/common/column_left.tpl on line 5
2017-04-01 12:27:04 - PHP Notice:  Undefined variable: username in /home/steven/GitRepository/taorai/admin/view/template/common/column_left.tpl on line 5
2017-04-01 12:27:07 - PHP Notice:  Undefined variable: username in /home/steven/GitRepository/taorai/admin/view/template/common/column_left.tpl on line 5
2017-04-01 12:27:08 - PHP Notice:  Undefined variable: username in /home/steven/GitRepository/taorai/admin/view/template/common/column_left.tpl on line 5
2017-04-01 12:27:09 - PHP Notice:  Undefined variable: username in /home/steven/GitRepository/taorai/admin/view/template/common/column_left.tpl on line 5
2017-04-01 12:27:11 - PHP Notice:  Undefined variable: username in /home/steven/GitRepository/taorai/admin/view/template/common/column_left.tpl on line 5
2017-04-01 12:27:14 - PHP Notice:  Undefined variable: username in /home/steven/GitRepository/taorai/admin/view/template/common/column_left.tpl on line 5
2017-04-01 12:27:22 - PHP Notice:  Undefined variable: username in /home/steven/GitRepository/taorai/admin/view/template/common/column_left.tpl on line 5
2017-04-01 12:27:26 - PHP Notice:  Undefined variable: username in /home/steven/GitRepository/taorai/admin/view/template/common/column_left.tpl on line 5
2017-04-01 12:27:29 - PHP Notice:  Undefined variable: username in /home/steven/GitRepository/taorai/admin/view/template/common/column_left.tpl on line 5
2017-04-01 12:27:33 - PHP Notice:  Undefined variable: username in /home/steven/GitRepository/taorai/admin/view/template/common/column_left.tpl on line 5
2017-04-01 12:27:37 - PHP Notice:  Undefined variable: username in /home/steven/GitRepository/taorai/admin/view/template/common/column_left.tpl on line 5
2017-04-01 12:27:43 - PHP Notice:  Undefined variable: username in /home/steven/GitRepository/taorai/admin/view/template/common/column_left.tpl on line 5
2017-04-01 12:27:54 - PHP Notice:  Undefined variable: username in /home/steven/GitRepository/taorai/admin/view/template/common/column_left.tpl on line 5
2017-04-01 12:27:57 - PHP Notice:  Undefined variable: username in /home/steven/GitRepository/taorai/admin/view/template/common/column_left.tpl on line 5
2017-04-01 12:28:02 - PHP Notice:  Undefined variable: username in /home/steven/GitRepository/taorai/admin/view/template/common/column_left.tpl on line 5
2017-04-01 12:30:30 - PHP Notice:  Undefined variable: username in /home/steven/GitRepository/taorai/admin/view/template/common/column_left.tpl on line 5
2017-04-01 12:31:10 - PHP Notice:  Undefined variable: username in /home/steven/GitRepository/taorai/admin/view/template/common/column_left.tpl on line 5
2017-04-01 12:31:13 - PHP Notice:  Undefined variable: username in /home/steven/GitRepository/taorai/admin/view/template/common/column_left.tpl on line 5
2017-04-01 12:32:04 - PHP Notice:  Undefined variable: username in /home/steven/GitRepository/taorai/admin/view/template/common/column_left.tpl on line 5
2017-04-01 12:32:07 - PHP Notice:  Undefined variable: username in /home/steven/GitRepository/taorai/admin/view/template/common/column_left.tpl on line 5
2017-04-01 12:32:16 - PHP Notice:  Undefined variable: username in /home/steven/GitRepository/taorai/admin/view/template/common/column_left.tpl on line 5
2017-04-01 12:32:58 - PHP Notice:  Undefined variable: username in /home/steven/GitRepository/taorai/admin/view/template/common/column_left.tpl on line 5
2017-04-01 12:33:04 - PHP Notice:  Undefined variable: username in /home/steven/GitRepository/taorai/admin/view/template/common/column_left.tpl on line 5
2017-04-01 12:33:14 - PHP Notice:  Undefined variable: username in /home/steven/GitRepository/taorai/admin/view/template/common/column_left.tpl on line 5
2017-04-01 12:33:15 - PHP Notice:  Undefined variable: username in /home/steven/GitRepository/taorai/admin/view/template/common/column_left.tpl on line 5
2017-04-01 12:34:00 - PHP Notice:  Undefined variable: username in /home/steven/GitRepository/taorai/admin/view/template/common/column_left.tpl on line 5
2017-04-01 12:34:01 - PHP Notice:  Undefined variable: username in /home/steven/GitRepository/taorai/admin/view/template/common/column_left.tpl on line 5
2017-04-01 12:38:15 - PHP Notice:  Undefined variable: username in /home/steven/GitRepository/taorai/admin/view/template/common/column_left.tpl on line 5
2017-04-01 12:38:23 - PHP Notice:  Undefined variable: username in /home/steven/GitRepository/taorai/admin/view/template/common/column_left.tpl on line 5
2017-04-01 12:38:24 - PHP Notice:  Undefined variable: username in /home/steven/GitRepository/taorai/admin/view/template/common/column_left.tpl on line 5
2017-04-01 12:38:26 - PHP Notice:  Undefined variable: username in /home/steven/GitRepository/taorai/admin/view/template/common/column_left.tpl on line 5
2017-04-01 12:38:28 - PHP Notice:  Undefined variable: username in /home/steven/GitRepository/taorai/admin/view/template/common/column_left.tpl on line 5
2017-04-01 12:38:29 - PHP Notice:  Undefined variable: username in /home/steven/GitRepository/taorai/admin/view/template/common/column_left.tpl on line 5
2017-04-01 12:38:33 - PHP Notice:  Undefined variable: username in /home/steven/GitRepository/taorai/admin/view/template/common/column_left.tpl on line 5
2017-04-01 12:38:40 - PHP Notice:  Undefined variable: username in /home/steven/GitRepository/taorai/admin/view/template/common/column_left.tpl on line 5
2017-04-01 12:38:42 - PHP Notice:  Undefined variable: username in /home/steven/GitRepository/taorai/admin/view/template/common/column_left.tpl on line 5
2017-04-01 12:38:44 - PHP Notice:  Undefined variable: username in /home/steven/GitRepository/taorai/admin/view/template/common/column_left.tpl on line 5
2017-04-01 12:38:51 - PHP Notice:  Undefined variable: username in /home/steven/GitRepository/taorai/admin/view/template/common/column_left.tpl on line 5
2017-04-01 12:38:53 - PHP Notice:  Undefined variable: username in /home/steven/GitRepository/taorai/admin/view/template/common/column_left.tpl on line 5
2017-04-01 12:38:54 - PHP Notice:  Undefined variable: username in /home/steven/GitRepository/taorai/admin/view/template/common/column_left.tpl on line 5
2017-04-01 12:38:57 - PHP Notice:  Undefined variable: username in /home/steven/GitRepository/taorai/admin/view/template/common/column_left.tpl on line 5
2017-04-01 12:39:02 - PHP Notice:  Undefined variable: username in /home/steven/GitRepository/taorai/admin/view/template/common/column_left.tpl on line 5
2017-04-01 12:39:06 - PHP Notice:  Undefined variable: username in /home/steven/GitRepository/taorai/admin/view/template/common/column_left.tpl on line 5
2017-04-01 12:39:08 - PHP Notice:  Undefined variable: username in /home/steven/GitRepository/taorai/admin/view/template/common/column_left.tpl on line 5
2017-04-01 12:39:12 - PHP Notice:  Undefined variable: username in /home/steven/GitRepository/taorai/admin/view/template/common/column_left.tpl on line 5
2017-04-01 12:39:13 - PHP Notice:  Undefined variable: username in /home/steven/GitRepository/taorai/admin/view/template/common/column_left.tpl on line 5
2017-04-01 12:39:18 - PHP Notice:  Undefined variable: username in /home/steven/GitRepository/taorai/admin/view/template/common/column_left.tpl on line 5
2017-04-01 12:39:26 - PHP Notice:  Undefined variable: username in /home/steven/GitRepository/taorai/admin/view/template/common/column_left.tpl on line 5
2017-04-01 12:39:30 - PHP Notice:  Undefined variable: username in /home/steven/GitRepository/taorai/admin/view/template/common/column_left.tpl on line 5
2017-04-01 12:39:37 - PHP Notice:  Undefined variable: username in /home/steven/GitRepository/taorai/admin/view/template/common/column_left.tpl on line 5
2017-04-01 12:39:39 - PHP Notice:  Undefined variable: username in /home/steven/GitRepository/taorai/admin/view/template/common/column_left.tpl on line 5
2017-04-01 12:40:18 - PHP Notice:  Undefined variable: username in /home/steven/GitRepository/taorai/admin/view/template/common/column_left.tpl on line 5
2017-04-01 12:40:37 - PHP Notice:  Undefined variable: username in /home/steven/GitRepository/taorai/admin/view/template/common/column_left.tpl on line 5
2017-04-01 12:40:40 - PHP Notice:  Undefined variable: username in /home/steven/GitRepository/taorai/admin/view/template/common/column_left.tpl on line 5
2017-04-01 12:40:50 - PHP Notice:  Undefined variable: username in /home/steven/GitRepository/taorai/admin/view/template/common/column_left.tpl on line 5
2017-04-01 12:41:00 - PHP Notice:  Undefined variable: username in /home/steven/GitRepository/taorai/admin/view/template/common/column_left.tpl on line 5
2017-04-01 12:41:05 - PHP Notice:  Undefined variable: username in /home/steven/GitRepository/taorai/admin/view/template/common/column_left.tpl on line 5
2017-04-01 12:41:09 - PHP Notice:  Undefined variable: username in /home/steven/GitRepository/taorai/admin/view/template/common/column_left.tpl on line 5
2017-04-01 12:41:24 - PHP Notice:  Undefined variable: username in /home/steven/GitRepository/taorai/admin/view/template/common/column_left.tpl on line 5
2017-04-01 12:41:48 - PHP Notice:  Undefined variable: username in /home/steven/GitRepository/taorai/admin/view/template/common/column_left.tpl on line 5
2017-04-01 12:41:54 - PHP Notice:  Undefined variable: username in /home/steven/GitRepository/taorai/admin/view/template/common/column_left.tpl on line 5
2017-04-01 12:42:41 - PHP Notice:  Undefined variable: username in /home/steven/GitRepository/taorai/admin/view/template/common/column_left.tpl on line 5
2017-04-01 12:43:06 - PHP Notice:  Undefined variable: username in /home/steven/GitRepository/taorai/admin/view/template/common/column_left.tpl on line 5
2017-04-01 12:43:24 - PHP Notice:  Undefined variable: username in /home/steven/GitRepository/taorai/admin/view/template/common/column_left.tpl on line 5
2017-04-01 12:43:42 - PHP Notice:  Undefined variable: username in /home/steven/GitRepository/taorai/admin/view/template/common/column_left.tpl on line 5
2017-04-01 12:44:19 - PHP Notice:  Undefined variable: username in /home/steven/GitRepository/taorai/admin/view/template/common/column_left.tpl on line 5
2017-04-01 12:44:26 - PHP Notice:  Undefined variable: username in /home/steven/GitRepository/taorai/admin/view/template/common/column_left.tpl on line 5
2017-04-01 12:44:32 - PHP Notice:  Undefined variable: username in /home/steven/GitRepository/taorai/admin/view/template/common/column_left.tpl on line 5
2017-04-01 12:45:06 - PHP Notice:  Undefined variable: username in /home/steven/GitRepository/taorai/admin/view/template/common/column_left.tpl on line 5
2017-04-01 12:46:29 - PHP Notice:  Undefined variable: username in /home/steven/GitRepository/taorai/admin/view/template/common/column_left.tpl on line 5
2017-04-01 12:46:31 - PHP Notice:  Undefined variable: username in /home/steven/GitRepository/taorai/admin/view/template/common/column_left.tpl on line 5
2017-04-01 12:46:40 - PHP Notice:  Undefined variable: username in /home/steven/GitRepository/taorai/admin/view/template/common/column_left.tpl on line 5
2017-04-01 12:46:44 - PHP Notice:  Undefined variable: username in /home/steven/GitRepository/taorai/admin/view/template/common/column_left.tpl on line 5
2017-04-01 12:46:52 - PHP Notice:  Undefined variable: username in /home/steven/GitRepository/taorai/admin/view/template/common/column_left.tpl on line 5
2017-04-01 12:47:06 - PHP Notice:  Undefined variable: username in /home/steven/GitRepository/taorai/admin/view/template/common/column_left.tpl on line 5
2017-04-01 12:47:15 - PHP Notice:  Undefined variable: username in /home/steven/GitRepository/taorai/admin/view/template/common/column_left.tpl on line 5
2017-04-01 12:47:17 - PHP Notice:  Undefined variable: username in /home/steven/GitRepository/taorai/admin/view/template/common/column_left.tpl on line 5
2017-04-01 12:47:37 - PHP Notice:  Undefined variable: username in /home/steven/GitRepository/taorai/admin/view/template/common/column_left.tpl on line 5
2017-04-01 12:47:43 - PHP Notice:  Undefined variable: username in /home/steven/GitRepository/taorai/admin/view/template/common/column_left.tpl on line 5
2017-04-01 12:48:07 - PHP Notice:  Undefined variable: username in /home/steven/GitRepository/taorai/admin/view/template/common/column_left.tpl on line 5
2017-04-01 12:48:12 - PHP Notice:  Undefined variable: username in /home/steven/GitRepository/taorai/admin/view/template/common/column_left.tpl on line 5
2017-04-01 12:48:15 - PHP Notice:  Undefined variable: username in /home/steven/GitRepository/taorai/admin/view/template/common/column_left.tpl on line 5
2017-04-01 12:48:20 - PHP Notice:  Undefined variable: username in /home/steven/GitRepository/taorai/admin/view/template/common/column_left.tpl on line 5
2017-04-01 12:48:21 - PHP Notice:  Undefined variable: username in /home/steven/GitRepository/taorai/admin/view/template/common/column_left.tpl on line 5
2017-04-01 12:48:22 - PHP Notice:  Undefined variable: username in /home/steven/GitRepository/taorai/admin/view/template/common/column_left.tpl on line 5
2017-04-01 12:48:49 - PHP Notice:  Undefined variable: username in /home/steven/GitRepository/taorai/admin/view/template/common/column_left.tpl on line 5
2017-04-01 12:48:55 - PHP Notice:  Undefined variable: username in /home/steven/GitRepository/taorai/admin/view/template/common/column_left.tpl on line 5
2017-04-01 12:48:57 - PHP Notice:  Undefined variable: username in /home/steven/GitRepository/taorai/admin/view/template/common/column_left.tpl on line 5
2017-04-01 12:48:59 - PHP Notice:  Undefined variable: username in /home/steven/GitRepository/taorai/admin/view/template/common/column_left.tpl on line 5
2017-04-01 12:49:10 - PHP Notice:  Undefined variable: username in /home/steven/GitRepository/taorai/admin/view/template/common/column_left.tpl on line 5
2017-04-01 12:49:14 - PHP Notice:  Undefined variable: username in /home/steven/GitRepository/taorai/admin/view/template/common/column_left.tpl on line 5
2017-04-01 12:49:20 - PHP Notice:  Undefined variable: username in /home/steven/GitRepository/taorai/admin/view/template/common/column_left.tpl on line 5
2017-04-01 12:49:22 - PHP Notice:  Undefined variable: username in /home/steven/GitRepository/taorai/admin/view/template/common/column_left.tpl on line 5
2017-04-01 12:49:23 - PHP Notice:  Undefined variable: username in /home/steven/GitRepository/taorai/admin/view/template/common/column_left.tpl on line 5
2017-04-01 12:49:24 - PHP Notice:  Undefined variable: username in /home/steven/GitRepository/taorai/admin/view/template/common/column_left.tpl on line 5
2017-04-01 12:49:26 - PHP Notice:  Undefined variable: username in /home/steven/GitRepository/taorai/admin/view/template/common/column_left.tpl on line 5
2017-04-01 12:49:28 - PHP Notice:  Undefined variable: username in /home/steven/GitRepository/taorai/admin/view/template/common/column_left.tpl on line 5
2017-04-01 12:49:31 - PHP Notice:  Undefined variable: username in /home/steven/GitRepository/taorai/admin/view/template/common/column_left.tpl on line 5
2017-04-01 12:49:32 - PHP Notice:  Undefined variable: username in /home/steven/GitRepository/taorai/admin/view/template/common/column_left.tpl on line 5
2017-04-01 12:49:35 - PHP Notice:  Undefined variable: username in /home/steven/GitRepository/taorai/admin/view/template/common/column_left.tpl on line 5
2017-04-01 12:49:36 - PHP Notice:  Undefined variable: username in /home/steven/GitRepository/taorai/admin/view/template/common/column_left.tpl on line 5
2017-04-01 12:49:37 - PHP Notice:  Undefined variable: username in /home/steven/GitRepository/taorai/admin/view/template/common/column_left.tpl on line 5
2017-04-01 12:49:38 - PHP Notice:  Undefined variable: username in /home/steven/GitRepository/taorai/admin/view/template/common/column_left.tpl on line 5
2017-04-01 12:49:42 - PHP Notice:  Undefined variable: username in /home/steven/GitRepository/taorai/admin/view/template/common/column_left.tpl on line 5
2017-04-01 12:49:45 - PHP Notice:  Undefined variable: username in /home/steven/GitRepository/taorai/admin/view/template/common/column_left.tpl on line 5
2017-04-01 12:49:47 - PHP Notice:  Undefined variable: username in /home/steven/GitRepository/taorai/admin/view/template/common/column_left.tpl on line 5
2017-04-01 12:49:48 - PHP Notice:  Undefined variable: username in /home/steven/GitRepository/taorai/admin/view/template/common/column_left.tpl on line 5
2017-04-01 12:49:49 - PHP Notice:  Undefined variable: username in /home/steven/GitRepository/taorai/admin/view/template/common/column_left.tpl on line 5
2017-04-01 12:49:50 - PHP Notice:  Undefined variable: username in /home/steven/GitRepository/taorai/admin/view/template/common/column_left.tpl on line 5
2017-04-01 12:49:53 - PHP Notice:  Undefined variable: username in /home/steven/GitRepository/taorai/admin/view/template/common/column_left.tpl on line 5
2017-04-01 12:49:58 - PHP Notice:  Undefined variable: username in /home/steven/GitRepository/taorai/admin/view/template/common/column_left.tpl on line 5
2017-04-01 12:50:50 - PHP Notice:  Undefined variable: username in /home/steven/GitRepository/taorai/admin/view/template/common/column_left.tpl on line 5
2017-04-01 13:26:14 - PHP Notice:  Undefined variable: username in /home/steven/GitRepository/taorai/admin/view/template/common/column_left.tpl on line 5
2017-04-01 13:26:17 - PHP Notice:  Undefined variable: username in /home/steven/GitRepository/taorai/admin/view/template/common/column_left.tpl on line 5
2017-04-01 13:26:44 - PHP Notice:  Undefined variable: username in /home/steven/GitRepository/taorai/admin/view/template/common/column_left.tpl on line 5
2017-04-01 13:26:58 - PHP Notice:  Undefined variable: username in /home/steven/GitRepository/taorai/admin/view/template/common/column_left.tpl on line 5
2017-04-01 13:27:02 - PHP Notice:  Undefined variable: username in /home/steven/GitRepository/taorai/admin/view/template/common/column_left.tpl on line 5
2017-04-01 13:27:20 - PHP Notice:  Undefined variable: username in /home/steven/GitRepository/taorai/admin/view/template/common/column_left.tpl on line 5
2017-04-01 13:27:24 - PHP Notice:  Undefined variable: username in /home/steven/GitRepository/taorai/admin/view/template/common/column_left.tpl on line 5
2017-04-01 13:27:29 - PHP Notice:  Undefined variable: username in /home/steven/GitRepository/taorai/admin/view/template/common/column_left.tpl on line 5
2017-04-01 13:27:30 - PHP Notice:  Undefined variable: username in /home/steven/GitRepository/taorai/admin/view/template/common/column_left.tpl on line 5
2017-04-01 13:27:38 - PHP Notice:  Undefined variable: username in /home/steven/GitRepository/taorai/admin/view/template/common/column_left.tpl on line 5
2017-04-01 13:27:40 - PHP Notice:  Undefined variable: username in /home/steven/GitRepository/taorai/admin/view/template/common/column_left.tpl on line 5
2017-04-01 13:27:46 - PHP Notice:  Undefined variable: username in /home/steven/GitRepository/taorai/admin/view/template/common/column_left.tpl on line 5
2017-04-01 13:31:56 - PHP Notice:  Undefined variable: username in /home/steven/GitRepository/taorai/admin/view/template/common/column_left.tpl on line 5
2017-04-01 13:31:57 - PHP Notice:  Undefined variable: username in /home/steven/GitRepository/taorai/admin/view/template/common/column_left.tpl on line 5
2017-04-01 13:32:05 - PHP Notice:  Undefined variable: username in /home/steven/GitRepository/taorai/admin/view/template/common/column_left.tpl on line 5
2017-04-01 13:33:35 - PHP Notice:  Undefined variable: username in /home/steven/GitRepository/taorai/admin/view/template/common/column_left.tpl on line 5
2017-04-01 13:33:37 - PHP Notice:  Undefined variable: username in /home/steven/GitRepository/taorai/admin/view/template/common/column_left.tpl on line 5
2017-04-01 13:43:25 - PHP Notice:  Undefined variable: username in /home/steven/GitRepository/taorai/admin/view/template/common/column_left.tpl on line 5
2017-04-01 13:43:30 - PHP Notice:  Undefined variable: username in /home/steven/GitRepository/taorai/admin/view/template/common/column_left.tpl on line 5
2017-04-01 13:43:39 - PHP Notice:  Undefined variable: username in /home/steven/GitRepository/taorai/admin/view/template/common/column_left.tpl on line 5
2017-04-01 13:43:41 - PHP Notice:  Undefined variable: username in /home/steven/GitRepository/taorai/admin/view/template/common/column_left.tpl on line 5
2017-04-01 13:43:53 - PHP Notice:  Undefined variable: username in /home/steven/GitRepository/taorai/admin/view/template/common/column_left.tpl on line 5
2017-04-01 13:59:45 - PHP Notice:  Undefined variable: username in /home/steven/GitRepository/taorai/admin/view/template/common/column_left.tpl on line 5
2017-04-01 14:00:38 - PHP Notice:  Undefined variable: username in /home/steven/GitRepository/taorai/admin/view/template/common/column_left.tpl on line 5
2017-04-01 14:00:43 - PHP Notice:  Undefined variable: username in /home/steven/GitRepository/taorai/admin/view/template/common/column_left.tpl on line 5
2017-04-01 14:00:44 - PHP Notice:  Undefined variable: username in /home/steven/GitRepository/taorai/admin/view/template/common/column_left.tpl on line 5
2017-04-01 14:10:33 - PHP Notice:  Undefined variable: username in /home/steven/GitRepository/taorai/admin/view/template/common/column_left.tpl on line 5
2017-04-01 14:10:34 - PHP Notice:  Undefined variable: username in /home/steven/GitRepository/taorai/admin/view/template/common/column_left.tpl on line 5
2017-04-01 14:13:23 - PHP Notice:  Undefined variable: username in /home/steven/GitRepository/taorai/admin/view/template/common/column_left.tpl on line 5
2017-04-01 14:13:25 - PHP Notice:  Undefined variable: username in /home/steven/GitRepository/taorai/admin/view/template/common/column_left.tpl on line 5
2017-04-01 14:13:57 - PHP Notice:  Undefined variable: username in /home/steven/GitRepository/taorai/admin/view/template/common/column_left.tpl on line 5
2017-04-01 14:14:01 - PHP Notice:  Undefined variable: username in /home/steven/GitRepository/taorai/admin/view/template/common/column_left.tpl on line 5
2017-04-01 14:14:02 - PHP Notice:  Undefined variable: username in /home/steven/GitRepository/taorai/admin/view/template/common/column_left.tpl on line 5
2017-04-01 14:14:15 - PHP Notice:  Undefined variable: username in /home/steven/GitRepository/taorai/admin/view/template/common/column_left.tpl on line 5
2017-04-01 14:14:59 - PHP Notice:  Undefined variable: username in /home/steven/GitRepository/taorai/admin/view/template/common/column_left.tpl on line 5
2017-04-01 14:15:18 - PHP Notice:  Undefined variable: username in /home/steven/GitRepository/taorai/admin/view/template/common/column_left.tpl on line 5
2017-04-01 14:15:32 - PHP Notice:  Undefined variable: username in /home/steven/GitRepository/taorai/admin/view/template/common/column_left.tpl on line 5
2017-04-01 14:15:39 - PHP Notice:  Undefined variable: username in /home/steven/GitRepository/taorai/admin/view/template/common/column_left.tpl on line 5
2017-04-01 14:15:48 - PHP Notice:  Undefined variable: username in /home/steven/GitRepository/taorai/admin/view/template/common/column_left.tpl on line 5
2017-04-01 14:17:55 - PHP Notice:  Undefined variable: username in /home/steven/GitRepository/taorai/admin/view/template/common/column_left.tpl on line 5
2017-04-01 14:17:57 - PHP Notice:  Undefined variable: username in /home/steven/GitRepository/taorai/admin/view/template/common/column_left.tpl on line 5
2017-04-01 14:17:58 - PHP Notice:  Undefined variable: username in /home/steven/GitRepository/taorai/admin/view/template/common/column_left.tpl on line 5
2017-04-01 14:18:48 - PHP Notice:  Undefined variable: username in /home/steven/GitRepository/taorai/admin/view/template/common/column_left.tpl on line 5
2017-04-01 14:18:59 - PHP Notice:  Undefined variable: username in /home/steven/GitRepository/taorai/admin/view/template/common/column_left.tpl on line 5
2017-04-01 14:19:22 - PHP Notice:  Undefined variable: username in /home/steven/GitRepository/taorai/admin/view/template/common/column_left.tpl on line 5
2017-04-01 14:20:01 - PHP Notice:  Undefined variable: username in /home/steven/GitRepository/taorai/admin/view/template/common/column_left.tpl on line 5
2017-04-01 14:20:30 - PHP Notice:  Undefined variable: username in /home/steven/GitRepository/taorai/admin/view/template/common/column_left.tpl on line 5
2017-04-01 14:20:57 - PHP Notice:  Undefined variable: username in /home/steven/GitRepository/taorai/admin/view/template/common/column_left.tpl on line 5
2017-04-01 14:21:23 - PHP Notice:  Undefined variable: username in /home/steven/GitRepository/taorai/admin/view/template/common/column_left.tpl on line 5
2017-04-01 14:21:48 - PHP Notice:  Undefined variable: username in /home/steven/GitRepository/taorai/admin/view/template/common/column_left.tpl on line 5
2017-04-01 14:24:00 - PHP Notice:  Undefined variable: username in /home/steven/GitRepository/taorai/admin/view/template/common/column_left.tpl on line 5
2017-04-01 14:24:02 - PHP Notice:  Undefined variable: username in /home/steven/GitRepository/taorai/admin/view/template/common/column_left.tpl on line 5
2017-04-01 14:24:03 - PHP Notice:  Undefined variable: username in /home/steven/GitRepository/taorai/admin/view/template/common/column_left.tpl on line 5
2017-04-01 14:24:05 - PHP Notice:  Undefined variable: username in /home/steven/GitRepository/taorai/admin/view/template/common/column_left.tpl on line 5
2017-04-01 14:24:06 - PHP Notice:  Undefined variable: username in /home/steven/GitRepository/taorai/admin/view/template/common/column_left.tpl on line 5
2017-04-01 14:24:08 - PHP Notice:  Undefined variable: username in /home/steven/GitRepository/taorai/admin/view/template/common/column_left.tpl on line 5
2017-04-01 14:28:49 - PHP Notice:  Undefined variable: username in /home/steven/GitRepository/taorai/admin/view/template/common/column_left.tpl on line 5
2017-04-01 14:29:06 - PHP Notice:  Undefined variable: username in /home/steven/GitRepository/taorai/admin/view/template/common/column_left.tpl on line 5
2017-04-01 14:29:11 - PHP Notice:  Undefined variable: username in /home/steven/GitRepository/taorai/admin/view/template/common/column_left.tpl on line 5
2017-04-01 14:29:13 - PHP Notice:  Undefined variable: username in /home/steven/GitRepository/taorai/admin/view/template/common/column_left.tpl on line 5
2017-04-01 14:30:10 - PHP Notice:  Undefined variable: username in /home/steven/GitRepository/taorai/admin/view/template/common/column_left.tpl on line 5
2017-04-01 14:30:12 - PHP Notice:  Undefined variable: username in /home/steven/GitRepository/taorai/admin/view/template/common/column_left.tpl on line 5
2017-04-01 14:30:18 - PHP Notice:  Undefined variable: username in /home/steven/GitRepository/taorai/admin/view/template/common/column_left.tpl on line 5
2017-04-01 14:30:24 - PHP Notice:  Undefined variable: username in /home/steven/GitRepository/taorai/admin/view/template/common/column_left.tpl on line 5
2017-04-01 14:30:28 - PHP Notice:  Undefined variable: username in /home/steven/GitRepository/taorai/admin/view/template/common/column_left.tpl on line 5
2017-04-01 14:30:30 - PHP Notice:  Undefined variable: username in /home/steven/GitRepository/taorai/admin/view/template/common/column_left.tpl on line 5
2017-04-01 14:30:48 - PHP Notice:  Undefined variable: username in /home/steven/GitRepository/taorai/admin/view/template/common/column_left.tpl on line 5
2017-04-01 14:30:49 - PHP Notice:  Undefined variable: username in /home/steven/GitRepository/taorai/admin/view/template/common/column_left.tpl on line 5
2017-04-01 14:34:26 - PHP Notice:  Undefined variable: username in /home/steven/GitRepository/taorai/admin/view/template/common/column_left.tpl on line 5
2017-04-01 14:38:39 - PHP Notice:  Undefined variable: username in /home/steven/GitRepository/taorai/admin/view/template/common/column_left.tpl on line 5
2017-04-01 14:38:42 - PHP Notice:  Undefined variable: username in /home/steven/GitRepository/taorai/admin/view/template/common/column_left.tpl on line 5
2017-04-01 14:38:43 - PHP Notice:  Undefined variable: username in /home/steven/GitRepository/taorai/admin/view/template/common/column_left.tpl on line 5
2017-04-01 14:38:44 - PHP Notice:  Undefined variable: username in /home/steven/GitRepository/taorai/admin/view/template/common/column_left.tpl on line 5
2017-04-01 14:38:45 - PHP Notice:  Undefined variable: username in /home/steven/GitRepository/taorai/admin/view/template/common/column_left.tpl on line 5
2017-04-01 14:38:46 - PHP Notice:  Undefined variable: username in /home/steven/GitRepository/taorai/admin/view/template/common/column_left.tpl on line 5
2017-04-01 14:38:46 - PHP Notice:  Undefined variable: username in /home/steven/GitRepository/taorai/admin/view/template/common/column_left.tpl on line 5
2017-04-01 14:38:47 - PHP Notice:  Undefined variable: username in /home/steven/GitRepository/taorai/admin/view/template/common/column_left.tpl on line 5
2017-04-01 14:38:49 - PHP Notice:  Undefined variable: username in /home/steven/GitRepository/taorai/admin/view/template/common/column_left.tpl on line 5
2017-04-01 14:38:50 - PHP Notice:  Undefined variable: username in /home/steven/GitRepository/taorai/admin/view/template/common/column_left.tpl on line 5
2017-04-01 14:38:50 - PHP Notice:  Undefined variable: username in /home/steven/GitRepository/taorai/admin/view/template/common/column_left.tpl on line 5
2017-04-01 14:38:52 - PHP Notice:  Undefined variable: username in /home/steven/GitRepository/taorai/admin/view/template/common/column_left.tpl on line 5
2017-04-01 14:38:53 - PHP Notice:  Undefined variable: username in /home/steven/GitRepository/taorai/admin/view/template/common/column_left.tpl on line 5
2017-04-01 14:38:54 - PHP Notice:  Undefined variable: username in /home/steven/GitRepository/taorai/admin/view/template/common/column_left.tpl on line 5
2017-04-01 14:38:55 - PHP Notice:  Undefined variable: username in /home/steven/GitRepository/taorai/admin/view/template/common/column_left.tpl on line 5
2017-04-01 14:38:57 - PHP Notice:  Undefined variable: username in /home/steven/GitRepository/taorai/admin/view/template/common/column_left.tpl on line 5
2017-04-01 14:38:58 - PHP Notice:  Undefined variable: username in /home/steven/GitRepository/taorai/admin/view/template/common/column_left.tpl on line 5
2017-04-01 14:38:59 - PHP Notice:  Undefined variable: username in /home/steven/GitRepository/taorai/admin/view/template/common/column_left.tpl on line 5
2017-04-01 16:37:20 - PHP Notice:  Undefined variable: username in /home/steven/GitRepository/taorai/admin/view/template/common/column_left.tpl on line 5
2017-04-01 17:03:09 - PHP Notice:  Undefined variable: username in /home/steven/GitRepository/taorai/admin/view/template/common/column_left.tpl on line 5
2017-04-01 17:03:20 - PHP Notice:  Undefined variable: username in /home/steven/GitRepository/taorai/admin/view/template/common/column_left.tpl on line 5
2017-04-01 17:03:20 - PHP Notice:  Cannot find template file 'extension/theme/paltina.tpl' in /home/steven/GitRepository/taorai/system/engine/factory.php on line 589
2017-04-01 17:03:24 - PHP Notice:  Undefined variable: username in /home/steven/GitRepository/taorai/admin/view/template/common/column_left.tpl on line 5
2017-04-01 17:04:17 - PHP Notice:  Undefined variable: username in /home/steven/GitRepository/taorai/admin/view/template/common/column_left.tpl on line 5
2017-04-01 17:04:22 - PHP Notice:  Undefined variable: username in /home/steven/GitRepository/taorai/admin/view/template/common/column_left.tpl on line 5
2017-04-01 17:04:22 - PHP Notice:  Undefined variable: theme_default_directory in /home/steven/GitRepository/taorai/admin/view/template/extension/theme/platina.tpl on line 35
2017-04-01 17:04:22 - PHP Notice:  Undefined variable: theme_default_directory in /home/steven/GitRepository/taorai/admin/view/template/extension/theme/platina.tpl on line 35
2017-04-01 17:04:22 - PHP Notice:  Undefined variable: theme_default_status in /home/steven/GitRepository/taorai/admin/view/template/extension/theme/platina.tpl on line 48
2017-04-01 17:04:22 - PHP Notice:  Undefined variable: theme_default_product_limit in /home/steven/GitRepository/taorai/admin/view/template/extension/theme/platina.tpl on line 64
2017-04-01 17:04:22 - PHP Notice:  Undefined variable: theme_default_product_description_length in /home/steven/GitRepository/taorai/admin/view/template/extension/theme/platina.tpl on line 73
2017-04-01 17:04:22 - PHP Notice:  Undefined variable: theme_default_image_category_width in /home/steven/GitRepository/taorai/admin/view/template/extension/theme/platina.tpl on line 87
2017-04-01 17:04:22 - PHP Notice:  Undefined variable: theme_default_image_category_height in /home/steven/GitRepository/taorai/admin/view/template/extension/theme/platina.tpl on line 90
2017-04-01 17:04:22 - PHP Notice:  Undefined variable: theme_default_image_thumb_width in /home/steven/GitRepository/taorai/admin/view/template/extension/theme/platina.tpl on line 103
2017-04-01 17:04:22 - PHP Notice:  Undefined variable: theme_default_image_thumb_height in /home/steven/GitRepository/taorai/admin/view/template/extension/theme/platina.tpl on line 106
2017-04-01 17:04:22 - PHP Notice:  Undefined variable: theme_default_image_popup_width in /home/steven/GitRepository/taorai/admin/view/template/extension/theme/platina.tpl on line 119
2017-04-01 17:04:22 - PHP Notice:  Undefined variable: theme_default_image_popup_height in /home/steven/GitRepository/taorai/admin/view/template/extension/theme/platina.tpl on line 122
2017-04-01 17:04:22 - PHP Notice:  Undefined variable: theme_default_image_product_width in /home/steven/GitRepository/taorai/admin/view/template/extension/theme/platina.tpl on line 135
2017-04-01 17:04:22 - PHP Notice:  Undefined variable: theme_default_image_product_height in /home/steven/GitRepository/taorai/admin/view/template/extension/theme/platina.tpl on line 138
2017-04-01 17:04:22 - PHP Notice:  Undefined variable: theme_default_image_additional_width in /home/steven/GitRepository/taorai/admin/view/template/extension/theme/platina.tpl on line 151
2017-04-01 17:04:22 - PHP Notice:  Undefined variable: theme_default_image_additional_height in /home/steven/GitRepository/taorai/admin/view/template/extension/theme/platina.tpl on line 154
2017-04-01 17:04:22 - PHP Notice:  Undefined variable: theme_default_image_related_width in /home/steven/GitRepository/taorai/admin/view/template/extension/theme/platina.tpl on line 167
2017-04-01 17:04:22 - PHP Notice:  Undefined variable: theme_default_image_related_height in /home/steven/GitRepository/taorai/admin/view/template/extension/theme/platina.tpl on line 170
2017-04-01 17:04:22 - PHP Notice:  Undefined variable: theme_default_image_compare_width in /home/steven/GitRepository/taorai/admin/view/template/extension/theme/platina.tpl on line 183
2017-04-01 17:04:22 - PHP Notice:  Undefined variable: theme_default_image_compare_height in /home/steven/GitRepository/taorai/admin/view/template/extension/theme/platina.tpl on line 186
2017-04-01 17:04:22 - PHP Notice:  Undefined variable: theme_default_image_wishlist_width in /home/steven/GitRepository/taorai/admin/view/template/extension/theme/platina.tpl on line 199
2017-04-01 17:04:22 - PHP Notice:  Undefined variable: theme_default_image_wishlist_height in /home/steven/GitRepository/taorai/admin/view/template/extension/theme/platina.tpl on line 202
2017-04-01 17:04:22 - PHP Notice:  Undefined variable: theme_default_image_cart_width in /home/steven/GitRepository/taorai/admin/view/template/extension/theme/platina.tpl on line 215
2017-04-01 17:04:22 - PHP Notice:  Undefined variable: theme_default_image_cart_height in /home/steven/GitRepository/taorai/admin/view/template/extension/theme/platina.tpl on line 218
2017-04-01 17:04:22 - PHP Notice:  Undefined variable: theme_default_image_location_width in /home/steven/GitRepository/taorai/admin/view/template/extension/theme/platina.tpl on line 231
2017-04-01 17:04:22 - PHP Notice:  Undefined variable: theme_default_image_location_height in /home/steven/GitRepository/taorai/admin/view/template/extension/theme/platina.tpl on line 234
2017-04-01 17:04:46 - PHP Notice:  Undefined variable: username in /home/steven/GitRepository/taorai/admin/view/template/common/column_left.tpl on line 5
2017-04-01 17:04:48 - PHP Notice:  Undefined variable: username in /home/steven/GitRepository/taorai/admin/view/template/common/column_left.tpl on line 5
2017-04-01 17:04:50 - PHP Notice:  Undefined variable: username in /home/steven/GitRepository/taorai/admin/view/template/common/column_left.tpl on line 5
2017-04-01 17:07:23 - PHP Notice:  Undefined variable: username in /home/steven/GitRepository/taorai/admin/view/template/common/column_left.tpl on line 5
2017-04-01 17:08:05 - PHP Notice:  Undefined variable: username in /home/steven/GitRepository/taorai/admin/view/template/common/column_left.tpl on line 5
2017-04-01 17:08:11 - PHP Notice:  Undefined variable: username in /home/steven/GitRepository/taorai/admin/view/template/common/column_left.tpl on line 5
2017-04-01 17:08:12 - PHP Notice:  Undefined variable: username in /home/steven/GitRepository/taorai/admin/view/template/common/column_left.tpl on line 5
2017-04-01 17:08:23 - PHP Notice:  Undefined variable: username in /home/steven/GitRepository/taorai/admin/view/template/common/column_left.tpl on line 5
2017-04-01 17:08:34 - PHP Notice:  Undefined variable: username in /home/steven/GitRepository/taorai/admin/view/template/common/column_left.tpl on line 5
2017-04-01 17:08:44 - PHP Notice:  Undefined variable: username in /home/steven/GitRepository/taorai/admin/view/template/common/column_left.tpl on line 5
2017-04-01 17:09:42 - PHP Notice:  Undefined variable: username in /home/steven/GitRepository/taorai/admin/view/template/common/column_left.tpl on line 5
2017-04-01 17:09:53 - PHP Notice:  Undefined variable: username in /home/steven/GitRepository/taorai/admin/view/template/common/column_left.tpl on line 5
2017-04-01 17:10:00 - PHP Notice:  Undefined variable: username in /home/steven/GitRepository/taorai/admin/view/template/common/column_left.tpl on line 5
2017-04-01 17:10:06 - PHP Notice:  Undefined variable: username in /home/steven/GitRepository/taorai/admin/view/template/common/column_left.tpl on line 5
2017-04-01 17:10:10 - PHP Notice:  Undefined variable: username in /home/steven/GitRepository/taorai/admin/view/template/common/column_left.tpl on line 5
2017-04-01 17:10:20 - PHP Notice:  Undefined variable: username in /home/steven/GitRepository/taorai/admin/view/template/common/column_left.tpl on line 5
2017-04-01 17:10:22 - PHP Notice:  Undefined variable: username in /home/steven/GitRepository/taorai/admin/view/template/common/column_left.tpl on line 5
2017-04-01 17:25:56 - PHP Notice:  Undefined variable: config in /home/steven/GitRepository/taorai/catalog/view/theme/platina/template/common/footer.tpl on line 2
2017-04-01 17:25:56 - PHP Notice:  Undefined variable: config in /home/steven/GitRepository/taorai/catalog/view/theme/platina/template/common/footer.tpl on line 3
2017-04-01 17:34:39 - PHP Notice:  Undefined property: Template\PHP::$config in /home/steven/GitRepository/taorai/catalog/view/theme/platina/template/common/footer.tpl on line 2
2017-04-01 17:35:15 - PHP Notice:  Undefined property: Template\PHP::$request in /home/steven/GitRepository/taorai/catalog/view/theme/platina/template/common/footer.tpl on line 2
2017-04-01 17:39:15 - PHP Notice:  Undefined variable: manufacturers in /home/steven/GitRepository/taorai/catalog/view/theme/platina/template/common/footer.tpl on line 13
2017-04-01 17:44:39 - PHP Notice:  Undefined variable: username in /home/steven/GitRepository/taorai/admin/view/template/common/column_left.tpl on line 5
2017-04-01 17:45:33 - PHP Notice:  Undefined variable: username in /home/steven/GitRepository/taorai/admin/view/template/common/column_left.tpl on line 5
2017-04-01 17:45:41 - PHP Notice:  Undefined variable: username in /home/steven/GitRepository/taorai/admin/view/template/common/column_left.tpl on line 5
2017-04-02 3:13:19 - PHP Notice:  Undefined variable: username in /home/steven/GitRepository/taorai/admin/view/template/common/column_left.tpl on line 5
2017-04-02 3:13:30 - PHP Notice:  Undefined variable: username in /home/steven/GitRepository/taorai/admin/view/template/common/column_left.tpl on line 5
2017-04-02 3:13:32 - PHP Notice:  Undefined variable: username in /home/steven/GitRepository/taorai/admin/view/template/common/column_left.tpl on line 5
2017-04-02 3:13:37 - PHP Notice:  Undefined variable: username in /home/steven/GitRepository/taorai/admin/view/template/common/column_left.tpl on line 5
2017-04-02 3:14:16 - PHP Notice:  Undefined variable: username in /home/steven/GitRepository/taorai/admin/view/template/common/column_left.tpl on line 5
2017-04-02 3:14:59 - PHP Notice:  Undefined variable: username in /home/steven/GitRepository/taorai/admin/view/template/common/column_left.tpl on line 5
2017-04-02 3:15:33 - PHP Notice:  Undefined variable: username in /home/steven/GitRepository/taorai/admin/view/template/common/column_left.tpl on line 5
2017-04-02 3:15:44 - PHP Notice:  Undefined variable: username in /home/steven/GitRepository/taorai/admin/view/template/common/column_left.tpl on line 5
2017-04-02 3:15:51 - PHP Notice:  Undefined variable: username in /home/steven/GitRepository/taorai/admin/view/template/common/column_left.tpl on line 5
2017-04-02 3:15:53 - PHP Notice:  Undefined variable: username in /home/steven/GitRepository/taorai/admin/view/template/common/column_left.tpl on line 5
2017-04-02 3:15:58 - PHP Notice:  Undefined variable: username in /home/steven/GitRepository/taorai/admin/view/template/common/column_left.tpl on line 5
2017-04-02 3:16:21 - PHP Notice:  Undefined variable: username in /home/steven/GitRepository/taorai/admin/view/template/common/column_left.tpl on line 5
2017-04-02 3:16:26 - PHP Notice:  Undefined variable: username in /home/steven/GitRepository/taorai/admin/view/template/common/column_left.tpl on line 5
2017-04-02 3:16:30 - PHP Notice:  Undefined variable: username in /home/steven/GitRepository/taorai/admin/view/template/common/column_left.tpl on line 5
2017-04-02 3:16:39 - PHP Notice:  Undefined variable: username in /home/steven/GitRepository/taorai/admin/view/template/common/column_left.tpl on line 5
2017-04-02 3:16:40 - PHP Notice:  Undefined variable: username in /home/steven/GitRepository/taorai/admin/view/template/common/column_left.tpl on line 5
2017-04-02 3:16:44 - PHP Notice:  Undefined variable: username in /home/steven/GitRepository/taorai/admin/view/template/common/column_left.tpl on line 5
2017-04-02 3:17:14 - PHP Notice:  Undefined variable: username in /home/steven/GitRepository/taorai/admin/view/template/common/column_left.tpl on line 5
2017-04-02 3:17:20 - PHP Notice:  Undefined variable: username in /home/steven/GitRepository/taorai/admin/view/template/common/column_left.tpl on line 5
2017-04-02 3:17:25 - PHP Notice:  Undefined variable: username in /home/steven/GitRepository/taorai/admin/view/template/common/column_left.tpl on line 5
2017-04-02 3:17:29 - PHP Notice:  Undefined variable: username in /home/steven/GitRepository/taorai/admin/view/template/common/column_left.tpl on line 5
2017-04-02 3:17:31 - PHP Notice:  Undefined variable: username in /home/steven/GitRepository/taorai/admin/view/template/common/column_left.tpl on line 5
2017-04-02 3:17:35 - PHP Notice:  Undefined variable: username in /home/steven/GitRepository/taorai/admin/view/template/common/column_left.tpl on line 5
2017-04-02 3:18:16 - PHP Notice:  Undefined variable: username in /home/steven/GitRepository/taorai/admin/view/template/common/column_left.tpl on line 5
2017-04-02 3:18:22 - PHP Notice:  Undefined variable: username in /home/steven/GitRepository/taorai/admin/view/template/common/column_left.tpl on line 5
2017-04-02 3:18:26 - PHP Notice:  Undefined variable: username in /home/steven/GitRepository/taorai/admin/view/template/common/column_left.tpl on line 5
2017-04-02 3:19:19 - PHP Notice:  Undefined variable: username in /home/steven/GitRepository/taorai/admin/view/template/common/column_left.tpl on line 5
2017-04-02 3:19:23 - PHP Notice:  Undefined variable: username in /home/steven/GitRepository/taorai/admin/view/template/common/column_left.tpl on line 5
2017-04-02 3:26:10 - PHP Notice:  Undefined variable: username in /home/steven/GitRepository/taorai/admin/view/template/common/column_left.tpl on line 5
2017-04-02 3:26:14 - PHP Notice:  Undefined variable: username in /home/steven/GitRepository/taorai/admin/view/template/common/column_left.tpl on line 5
2017-04-02 3:26:19 - PHP Notice:  Undefined variable: username in /home/steven/GitRepository/taorai/admin/view/template/common/column_left.tpl on line 5
2017-04-02 3:26:25 - PHP Notice:  Undefined variable: username in /home/steven/GitRepository/taorai/admin/view/template/common/column_left.tpl on line 5
2017-04-02 3:27:13 - PHP Notice:  Undefined variable: username in /home/steven/GitRepository/taorai/admin/view/template/common/column_left.tpl on line 5
2017-04-02 3:27:20 - PHP Notice:  Undefined variable: username in /home/steven/GitRepository/taorai/admin/view/template/common/column_left.tpl on line 5
2017-04-02 3:28:55 - PHP Notice:  Undefined variable: username in /home/steven/GitRepository/taorai/admin/view/template/common/column_left.tpl on line 5
2017-04-02 3:29:32 - PHP Notice:  Undefined variable: username in /home/steven/GitRepository/taorai/admin/view/template/common/column_left.tpl on line 5
2017-04-02 3:29:44 - PHP Notice:  Undefined variable: username in /home/steven/GitRepository/taorai/admin/view/template/common/column_left.tpl on line 5
2017-04-02 3:34:14 - PHP Notice:  Undefined variable: username in /home/steven/GitRepository/taorai/admin/view/template/common/column_left.tpl on line 5
2017-04-02 3:34:16 - PHP Notice:  Undefined variable: username in /home/steven/GitRepository/taorai/admin/view/template/common/column_left.tpl on line 5
2017-04-02 3:34:17 - PHP Notice:  Undefined variable: username in /home/steven/GitRepository/taorai/admin/view/template/common/column_left.tpl on line 5
2017-04-02 3:35:02 - PHP Notice:  Undefined variable: username in /home/steven/GitRepository/taorai/admin/view/template/common/column_left.tpl on line 5
2017-04-02 3:35:04 - PHP Notice:  Undefined variable: username in /home/steven/GitRepository/taorai/admin/view/template/common/column_left.tpl on line 5
2017-04-02 3:35:17 - PHP Notice:  Undefined variable: username in /home/steven/GitRepository/taorai/admin/view/template/common/column_left.tpl on line 5
2017-04-02 3:35:21 - PHP Notice:  Undefined variable: username in /home/steven/GitRepository/taorai/admin/view/template/common/column_left.tpl on line 5
2017-04-02 3:36:26 - PHP Notice:  Undefined variable: username in /home/steven/GitRepository/taorai/admin/view/template/common/column_left.tpl on line 5
2017-04-02 3:40:08 - PHP Notice:  Undefined variable: username in /home/steven/GitRepository/taorai/admin/view/template/common/column_left.tpl on line 5
2017-04-02 3:40:15 - PHP Notice:  Undefined variable: username in /home/steven/GitRepository/taorai/admin/view/template/common/column_left.tpl on line 5
2017-04-02 3:40:23 - PHP Notice:  Undefined variable: username in /home/steven/GitRepository/taorai/admin/view/template/common/column_left.tpl on line 5
2017-04-02 3:40:43 - PHP Notice:  Undefined variable: username in /home/steven/GitRepository/taorai/admin/view/template/common/column_left.tpl on line 5
2017-04-02 3:40:45 - PHP Notice:  Undefined variable: username in /home/steven/GitRepository/taorai/admin/view/template/common/column_left.tpl on line 5
2017-04-02 3:41:44 - PHP Notice:  Undefined variable: username in /home/steven/GitRepository/taorai/admin/view/template/common/column_left.tpl on line 5
2017-04-02 3:42:06 - PHP Notice:  Undefined variable: username in /home/steven/GitRepository/taorai/admin/view/template/common/column_left.tpl on line 5
2017-04-02 3:42:20 - PHP Notice:  Undefined variable: username in /home/steven/GitRepository/taorai/admin/view/template/common/column_left.tpl on line 5
2017-04-02 3:42:49 - PHP Notice:  Undefined variable: username in /home/steven/GitRepository/taorai/admin/view/template/common/column_left.tpl on line 5
2017-04-02 3:42:53 - PHP Notice:  Undefined variable: username in /home/steven/GitRepository/taorai/admin/view/template/common/column_left.tpl on line 5
2017-04-02 3:42:54 - PHP Notice:  Undefined variable: username in /home/steven/GitRepository/taorai/admin/view/template/common/column_left.tpl on line 5
2017-04-02 3:43:06 - PHP Notice:  Undefined variable: username in /home/steven/GitRepository/taorai/admin/view/template/common/column_left.tpl on line 5
2017-04-02 3:44:42 - PHP Notice:  Undefined variable: username in /home/steven/GitRepository/taorai/admin/view/template/common/column_left.tpl on line 5
2017-04-02 3:44:44 - PHP Notice:  Undefined variable: username in /home/steven/GitRepository/taorai/admin/view/template/common/column_left.tpl on line 5
2017-04-02 3:45:10 - PHP Notice:  Undefined variable: username in /home/steven/GitRepository/taorai/admin/view/template/common/column_left.tpl on line 5
2017-04-02 3:47:36 - PHP Notice:  Undefined variable: username in /home/steven/GitRepository/taorai/admin/view/template/common/column_left.tpl on line 5
2017-04-02 3:47:41 - PHP Notice:  Undefined variable: username in /home/steven/GitRepository/taorai/admin/view/template/common/column_left.tpl on line 5
2017-04-02 3:47:44 - PHP Notice:  Undefined variable: username in /home/steven/GitRepository/taorai/admin/view/template/common/column_left.tpl on line 5
2017-04-02 3:48:26 - PHP Notice:  Undefined variable: username in /home/steven/GitRepository/taorai/admin/view/template/common/column_left.tpl on line 5
2017-04-02 3:48:30 - PHP Notice:  Undefined variable: username in /home/steven/GitRepository/taorai/admin/view/template/common/column_left.tpl on line 5
2017-04-02 3:48:33 - PHP Notice:  Undefined variable: username in /home/steven/GitRepository/taorai/admin/view/template/common/column_left.tpl on line 5
2017-04-02 3:48:35 - PHP Notice:  Undefined variable: modules_old_opencart in /home/steven/GitRepository/taorai/catalog/view/theme/grace/template/product/product.tpl on line 13
2017-04-02 3:49:07 - PHP Notice:  Undefined variable: username in /home/steven/GitRepository/taorai/admin/view/template/common/column_left.tpl on line 5
2017-04-02 3:49:09 - PHP Notice:  Undefined variable: username in /home/steven/GitRepository/taorai/admin/view/template/common/column_left.tpl on line 5
2017-04-02 3:49:30 - PHP Notice:  Undefined variable: username in /home/steven/GitRepository/taorai/admin/view/template/common/column_left.tpl on line 5
2017-04-02 3:49:33 - PHP Notice:  Undefined variable: username in /home/steven/GitRepository/taorai/admin/view/template/common/column_left.tpl on line 5
2017-04-02 3:50:47 - PHP Notice:  Undefined variable: username in /home/steven/GitRepository/taorai/admin/view/template/common/column_left.tpl on line 5
2017-04-02 3:50:49 - PHP Notice:  Undefined variable: username in /home/steven/GitRepository/taorai/admin/view/template/common/column_left.tpl on line 5
2017-04-02 3:50:49 - PHP Notice:  Undefined variable: username in /home/steven/GitRepository/taorai/admin/view/template/common/column_left.tpl on line 5
